================================================================================
GPU 모델 재학습 시작: ResidualMLP, FlatMLP, TabNet, FT-Transformer, CrossAttention
================================================================================
Device: mps


================================================================================
ResidualMLP (Model 09)
================================================================================

Fold 1/5:
  Epoch 20/100, Loss: 8.9015
  Epoch 40/100, Loss: 6.3498
  Epoch 60/100, Loss: 5.1619
  Epoch 80/100, Loss: 3.9748
  Epoch 100/100, Loss: 2.9001
  Train Sp: 0.8105, OOF Sp: 0.7711

Fold 2/5:
  Epoch 20/100, Loss: 8.9619
  Epoch 40/100, Loss: 6.5751
  Epoch 60/100, Loss: 5.2732
  Epoch 80/100, Loss: 4.0454
  Epoch 100/100, Loss: 3.1366
  Train Sp: 0.7988, OOF Sp: 0.7905

Fold 3/5:
  Epoch 20/100, Loss: 9.5245
  Epoch 40/100, Loss: 6.9651
  Epoch 60/100, Loss: 5.5366
  Epoch 80/100, Loss: 4.5002
  Epoch 100/100, Loss: 3.4175
  Train Sp: 0.7876, OOF Sp: 0.7826

Fold 4/5:
  Epoch 20/100, Loss: 9.0143
  Epoch 40/100, Loss: 6.8484
  Epoch 60/100, Loss: 5.5430
  Epoch 80/100, Loss: 4.5067
  Epoch 100/100, Loss: 3.5296
  Train Sp: 0.7771, OOF Sp: 0.7884

Fold 5/5:
  Epoch 20/100, Loss: 9.3268
  Epoch 40/100, Loss: 7.1420
  Epoch 60/100, Loss: 5.7019
  Epoch 80/100, Loss: 4.6631
  Epoch 100/100, Loss: 3.6255
  Train Sp: 0.7761, OOF Sp: 0.7093

Overall:
  Train Sp: 0.7900
  OOF Sp: 0.7629
  Gap: 0.0271
  Fold Std: 0.0303

Training final model...
Holdout Sp: 0.7100
✓ Saved: model_09_model.pt
✓ Saved: model_09_train.npy
✓ Saved: model_09_oof.npy
✓ Saved: model_09_holdout.npy
✓ Saved: model_09.json

================================================================================
FlatMLP (Model 10)
================================================================================

Fold 1/5:
  Epoch 20/100, Loss: 6.4430
  Epoch 40/100, Loss: 4.9624
  Epoch 60/100, Loss: 3.7017
  Epoch 80/100, Loss: 2.6027
  Epoch 100/100, Loss: 2.0973
  Train Sp: 0.8497, OOF Sp: 0.8228

Fold 2/5:
  Epoch 20/100, Loss: 6.3864
  Epoch 40/100, Loss: 4.6788
  Epoch 60/100, Loss: 3.2966
  Epoch 80/100, Loss: 2.4200
  Epoch 100/100, Loss: 2.0257
  Train Sp: 0.8549, OOF Sp: 0.8464

Fold 3/5:
  Epoch 20/100, Loss: 6.7082
  Epoch 40/100, Loss: 5.2179
  Epoch 60/100, Loss: 3.8552
  Epoch 80/100, Loss: 2.6781
  Epoch 100/100, Loss: 2.1943
  Train Sp: 0.8480, OOF Sp: 0.8331

Fold 4/5:
  Epoch 20/100, Loss: 6.6421
  Epoch 40/100, Loss: 5.0102
  Epoch 60/100, Loss: 3.5801
  Epoch 80/100, Loss: 2.4417
  Epoch 100/100, Loss: 1.9958
  Train Sp: 0.8481, OOF Sp: 0.8426

Fold 5/5:
  Epoch 20/100, Loss: 6.3744
  Epoch 40/100, Loss: 4.8046
  Epoch 60/100, Loss: 3.4399
  Epoch 80/100, Loss: 2.6350
  Epoch 100/100, Loss: 2.0943
  Train Sp: 0.8559, OOF Sp: 0.8083

Overall:
  Train Sp: 0.8513
  OOF Sp: 0.8278
  Gap: 0.0236
  Fold Std: 0.0138

Training final model...
Holdout Sp: 0.8346
✓ Saved: model_10_model.pt
✓ Saved: model_10_train.npy
✓ Saved: model_10_oof.npy
✓ Saved: model_10_holdout.npy
✓ Saved: model_10.json

================================================================================
TabNet (Model 11)
================================================================================

Fold 1/5:
  Epoch 20/100, Loss: 3.0745
  Epoch 40/100, Loss: 1.5085
  Epoch 60/100, Loss: 1.1217
  Epoch 80/100, Loss: 0.9020
  Epoch 100/100, Loss: 0.7705
  Train Sp: 0.9483, OOF Sp: 0.8495

Fold 2/5:
  Epoch 20/100, Loss: 3.3838
  Epoch 40/100, Loss: 1.5826
  Epoch 60/100, Loss: 1.1534
  Epoch 80/100, Loss: 0.8915
  Epoch 100/100, Loss: 0.7744
  Train Sp: 0.9487, OOF Sp: 0.8711

Fold 3/5:
  Epoch 20/100, Loss: 4.2014
  Epoch 40/100, Loss: 1.6305
  Epoch 60/100, Loss: 1.1487
  Epoch 80/100, Loss: 0.9321
  Epoch 100/100, Loss: 0.7942
  Train Sp: 0.9412, OOF Sp: 0.8626

Fold 4/5:
  Epoch 20/100, Loss: 3.8081
  Epoch 40/100, Loss: 1.6062
  Epoch 60/100, Loss: 1.1597
  Epoch 80/100, Loss: 0.9407
  Epoch 100/100, Loss: 0.7932
  Train Sp: 0.9509, OOF Sp: 0.8589

Fold 5/5:
  Epoch 20/100, Loss: 2.9771
  Epoch 40/100, Loss: 1.4769
  Epoch 60/100, Loss: 1.1036
  Epoch 80/100, Loss: 0.8721
  Epoch 100/100, Loss: 0.7791
  Train Sp: 0.9511, OOF Sp: 0.8360

Overall:
  Train Sp: 0.9481
  OOF Sp: 0.8554
  Gap: 0.0926
  Fold Std: 0.0120

Training final model...
Holdout Sp: 0.8576
✓ Saved: model_11_model.pt
✓ Saved: model_11_train.npy
✓ Saved: model_11_oof.npy
✓ Saved: model_11_holdout.npy
✓ Saved: model_11.json

================================================================================
FT-Transformer (Model 12)
================================================================================

Fold 1/5:
  Epoch 20/100, Loss: 7.3881
  Epoch 40/100, Loss: 6.0726
  Epoch 60/100, Loss: 4.1411
  Epoch 80/100, Loss: 2.5304
  Epoch 100/100, Loss: 2.0043
  Train Sp: 0.8353, OOF Sp: 0.8014

Fold 2/5:
  Epoch 20/100, Loss: 6.3016
  Epoch 40/100, Loss: 4.7884
  Epoch 60/100, Loss: 3.1427
  Epoch 80/100, Loss: 2.1272
  Epoch 100/100, Loss: 1.7735
  Train Sp: 0.8494, OOF Sp: 0.8385

Fold 3/5:
  Epoch 20/100, Loss: 6.2036
  Epoch 40/100, Loss: 4.8081
  Epoch 60/100, Loss: 3.2822
  Epoch 80/100, Loss: 2.3880
  Epoch 100/100, Loss: 1.8953
  Train Sp: 0.8494, OOF Sp: 0.8298

Fold 4/5:
  Epoch 20/100, Loss: 6.1034
  Epoch 40/100, Loss: 4.6816
  Epoch 60/100, Loss: 3.1247
  Epoch 80/100, Loss: 2.1928
  Epoch 100/100, Loss: 1.9718
  Train Sp: 0.8459, OOF Sp: 0.8314

Fold 5/5:
  Epoch 20/100, Loss: 7.3022
  Epoch 40/100, Loss: 6.5677
  Epoch 60/100, Loss: 5.0666
  Epoch 80/100, Loss: 3.3136
  Epoch 100/100, Loss: 2.2379
  Train Sp: 0.8216, OOF Sp: 0.7669

Overall:
  Train Sp: 0.8403
  OOF Sp: 0.8057
  Gap: 0.0346
  Fold Std: 0.0266

Training final model...
Holdout Sp: 0.8303
✓ Saved: model_12_model.pt
✓ Saved: model_12_train.npy
✓ Saved: model_12_oof.npy
✓ Saved: model_12_holdout.npy
✓ Saved: model_12.json

================================================================================
CrossAttention (Model 13)
================================================================================

Fold 1/5:
  Epoch 20/100, Loss: 6.1476
  Epoch 40/100, Loss: 4.5669
  Epoch 60/100, Loss: 3.1527
  Epoch 80/100, Loss: 2.5729
  Epoch 100/100, Loss: 1.9052
  Train Sp: 0.8542, OOF Sp: 0.8228

Fold 2/5:
  Epoch 20/100, Loss: 6.3299
  Epoch 40/100, Loss: 4.8452
  Epoch 60/100, Loss: 3.3859
  Epoch 80/100, Loss: 2.5217
  Epoch 100/100, Loss: 2.0993
  Train Sp: 0.8514, OOF Sp: 0.8410

Fold 3/5:
  Epoch 20/100, Loss: 6.2979
  Epoch 40/100, Loss: 4.7747
  Epoch 60/100, Loss: 3.3464
  Epoch 80/100, Loss: 2.4627
  Epoch 100/100, Loss: 1.9547
  Train Sp: 0.8557, OOF Sp: 0.8376

Fold 4/5:
  Epoch 20/100, Loss: 6.4650
  Epoch 40/100, Loss: 4.9079
  Epoch 60/100, Loss: 3.4687
  Epoch 80/100, Loss: 2.8085
  Epoch 100/100, Loss: 2.1600
  Train Sp: 0.8472, OOF Sp: 0.8402

Fold 5/5:
  Epoch 20/100, Loss: 6.1199
  Epoch 40/100, Loss: 4.8146
  Epoch 60/100, Loss: 3.3593
  Epoch 80/100, Loss: 2.5679
  Epoch 100/100, Loss: 1.9562
  Train Sp: 0.8570, OOF Sp: 0.8082

Overall:
  Train Sp: 0.8531
  OOF Sp: 0.8238
  Gap: 0.0293
  Fold Std: 0.0127

Training final model...
Holdout Sp: 0.8375
✓ Saved: model_13_model.pt
✓ Saved: model_13_train.npy
✓ Saved: model_13_oof.npy
✓ Saved: model_13_holdout.npy
✓ Saved: model_13.json

================================================================================
GPU 모델 재학습 완료!
================================================================================
