
A module that was compiled using NumPy 1.x cannot be run in
NumPy 2.4.4 as it may crash. To support both 1.x and 2.x
versions of NumPy, modules must be compiled with NumPy 2.0.
Some module may need to rebuild instead e.g. with 'pybind11>=2.12'.

If you are a user of the module, the easiest solution will be to
downgrade to 'numpy<2' or try to upgrade the affected module.
We expect that some modules will need time to support NumPy 2.

Traceback (most recent call last):  File "/Users/skku_aws2_14/20260408_pre_project_biso_myprotocol/20260408_pre_project_biso_myprotocol/20260414_re_pre_project_v3/step4_results/extended_eval_step4_scaffold_cpu.py", line 11, in <module>
    from rdkit import Chem
  File "/Library/Frameworks/Python.framework/Versions/3.12/lib/python3.12/site-packages/rdkit/Chem/__init__.py", line 15, in <module>
    from rdkit import DataStructs, RDConfig, rdBase
  File "/Library/Frameworks/Python.framework/Versions/3.12/lib/python3.12/site-packages/rdkit/DataStructs/__init__.py", line 13, in <module>
    from rdkit.DataStructs import cDataStructs
Traceback (most recent call last):
  File "/Library/Frameworks/Python.framework/Versions/3.12/lib/python3.12/site-packages/numpy/core/_multiarray_umath.py", line 46, in __getattr__
    raise ImportError(msg)
ImportError: 
A module that was compiled using NumPy 1.x cannot be run in
NumPy 2.4.4 as it may crash. To support both 1.x and 2.x
versions of NumPy, modules must be compiled with NumPy 2.0.
Some module may need to rebuild instead e.g. with 'pybind11>=2.12'.

If you are a user of the module, the easiest solution will be to
downgrade to 'numpy<2' or try to upgrade the affected module.
We expect that some modules will need time to support NumPy 2.



A module that was compiled using NumPy 1.x cannot be run in
NumPy 2.4.4 as it may crash. To support both 1.x and 2.x
versions of NumPy, modules must be compiled with NumPy 2.0.
Some module may need to rebuild instead e.g. with 'pybind11>=2.12'.

If you are a user of the module, the easiest solution will be to
downgrade to 'numpy<2' or try to upgrade the affected module.
We expect that some modules will need time to support NumPy 2.

Traceback (most recent call last):  File "/Users/skku_aws2_14/20260408_pre_project_biso_myprotocol/20260408_pre_project_biso_myprotocol/20260414_re_pre_project_v3/step4_results/extended_eval_step4_scaffold_cpu.py", line 11, in <module>
    from rdkit import Chem
  File "/Library/Frameworks/Python.framework/Versions/3.12/lib/python3.12/site-packages/rdkit/Chem/__init__.py", line 16, in <module>
    from rdkit.Chem import rdchem
Traceback (most recent call last):
  File "/Library/Frameworks/Python.framework/Versions/3.12/lib/python3.12/site-packages/numpy/core/_multiarray_umath.py", line 46, in __getattr__
    raise ImportError(msg)
ImportError: 
A module that was compiled using NumPy 1.x cannot be run in
NumPy 2.4.4 as it may crash. To support both 1.x and 2.x
versions of NumPy, modules must be compiled with NumPy 2.0.
Some module may need to rebuild instead e.g. with 'pybind11>=2.12'.

If you are a user of the module, the easiest solution will be to
downgrade to 'numpy<2' or try to upgrade the affected module.
We expect that some modules will need time to support NumPy 2.



A module that was compiled using NumPy 1.x cannot be run in
NumPy 2.4.4 as it may crash. To support both 1.x and 2.x
versions of NumPy, modules must be compiled with NumPy 2.0.
Some module may need to rebuild instead e.g. with 'pybind11>=2.12'.

If you are a user of the module, the easiest solution will be to
downgrade to 'numpy<2' or try to upgrade the affected module.
We expect that some modules will need time to support NumPy 2.

Traceback (most recent call last):  File "/Users/skku_aws2_14/20260408_pre_project_biso_myprotocol/20260408_pre_project_biso_myprotocol/20260414_re_pre_project_v3/step4_results/extended_eval_step4_scaffold_cpu.py", line 11, in <module>
    from rdkit import Chem
  File "/Library/Frameworks/Python.framework/Versions/3.12/lib/python3.12/site-packages/rdkit/Chem/__init__.py", line 24, in <module>
    from rdkit.Chem.rdmolops import *
Traceback (most recent call last):
  File "/Library/Frameworks/Python.framework/Versions/3.12/lib/python3.12/site-packages/numpy/core/_multiarray_umath.py", line 46, in __getattr__
    raise ImportError(msg)
ImportError: 
A module that was compiled using NumPy 1.x cannot be run in
NumPy 2.4.4 as it may crash. To support both 1.x and 2.x
versions of NumPy, modules must be compiled with NumPy 2.0.
Some module may need to rebuild instead e.g. with 'pybind11>=2.12'.

If you are a user of the module, the easiest solution will be to
downgrade to 'numpy<2' or try to upgrade the affected module.
We expect that some modules will need time to support NumPy 2.



A module that was compiled using NumPy 1.x cannot be run in
NumPy 2.4.4 as it may crash. To support both 1.x and 2.x
versions of NumPy, modules must be compiled with NumPy 2.0.
Some module may need to rebuild instead e.g. with 'pybind11>=2.12'.

If you are a user of the module, the easiest solution will be to
downgrade to 'numpy<2' or try to upgrade the affected module.
We expect that some modules will need time to support NumPy 2.

Traceback (most recent call last):  File "/Users/skku_aws2_14/20260408_pre_project_biso_myprotocol/20260408_pre_project_biso_myprotocol/20260414_re_pre_project_v3/step4_results/extended_eval_step4_scaffold_cpu.py", line 12, in <module>
    from rdkit.Chem.Scaffolds import MurckoScaffold
  File "/Library/Frameworks/Python.framework/Versions/3.12/lib/python3.12/site-packages/rdkit/Chem/Scaffolds/MurckoScaffold.py", line 10, in <module>
    from rdkit.Chem import AllChem
  File "/Library/Frameworks/Python.framework/Versions/3.12/lib/python3.12/site-packages/rdkit/Chem/AllChem.py", line 22, in <module>
    from rdkit.Chem.EnumerateStereoisomers import (EnumerateStereoisomers,
  File "/Library/Frameworks/Python.framework/Versions/3.12/lib/python3.12/site-packages/rdkit/Chem/EnumerateStereoisomers.py", line 4, in <module>
    from rdkit.Chem.rdDistGeom import EmbedMolecule
Traceback (most recent call last):
  File "/Library/Frameworks/Python.framework/Versions/3.12/lib/python3.12/site-packages/numpy/core/_multiarray_umath.py", line 46, in __getattr__
    raise ImportError(msg)
ImportError: 
A module that was compiled using NumPy 1.x cannot be run in
NumPy 2.4.4 as it may crash. To support both 1.x and 2.x
versions of NumPy, modules must be compiled with NumPy 2.0.
Some module may need to rebuild instead e.g. with 'pybind11>=2.12'.

If you are a user of the module, the easiest solution will be to
downgrade to 'numpy<2' or try to upgrade the affected module.
We expect that some modules will need time to support NumPy 2.



A module that was compiled using NumPy 1.x cannot be run in
NumPy 2.4.4 as it may crash. To support both 1.x and 2.x
versions of NumPy, modules must be compiled with NumPy 2.0.
Some module may need to rebuild instead e.g. with 'pybind11>=2.12'.

If you are a user of the module, the easiest solution will be to
downgrade to 'numpy<2' or try to upgrade the affected module.
We expect that some modules will need time to support NumPy 2.

Traceback (most recent call last):  File "/Users/skku_aws2_14/20260408_pre_project_biso_myprotocol/20260408_pre_project_biso_myprotocol/20260414_re_pre_project_v3/step4_results/extended_eval_step4_scaffold_cpu.py", line 12, in <module>
    from rdkit.Chem.Scaffolds import MurckoScaffold
  File "/Library/Frameworks/Python.framework/Versions/3.12/lib/python3.12/site-packages/rdkit/Chem/Scaffolds/MurckoScaffold.py", line 10, in <module>
    from rdkit.Chem import AllChem
  File "/Library/Frameworks/Python.framework/Versions/3.12/lib/python3.12/site-packages/rdkit/Chem/AllChem.py", line 25, in <module>
    from rdkit.Chem.rdDepictor import *
Traceback (most recent call last):
  File "/Library/Frameworks/Python.framework/Versions/3.12/lib/python3.12/site-packages/numpy/core/_multiarray_umath.py", line 46, in __getattr__
    raise ImportError(msg)
ImportError: 
A module that was compiled using NumPy 1.x cannot be run in
NumPy 2.4.4 as it may crash. To support both 1.x and 2.x
versions of NumPy, modules must be compiled with NumPy 2.0.
Some module may need to rebuild instead e.g. with 'pybind11>=2.12'.

If you are a user of the module, the easiest solution will be to
downgrade to 'numpy<2' or try to upgrade the affected module.
We expect that some modules will need time to support NumPy 2.



A module that was compiled using NumPy 1.x cannot be run in
NumPy 2.4.4 as it may crash. To support both 1.x and 2.x
versions of NumPy, modules must be compiled with NumPy 2.0.
Some module may need to rebuild instead e.g. with 'pybind11>=2.12'.

If you are a user of the module, the easiest solution will be to
downgrade to 'numpy<2' or try to upgrade the affected module.
We expect that some modules will need time to support NumPy 2.

Traceback (most recent call last):  File "/Users/skku_aws2_14/20260408_pre_project_biso_myprotocol/20260408_pre_project_biso_myprotocol/20260414_re_pre_project_v3/step4_results/extended_eval_step4_scaffold_cpu.py", line 12, in <module>
    from rdkit.Chem.Scaffolds import MurckoScaffold
  File "/Library/Frameworks/Python.framework/Versions/3.12/lib/python3.12/site-packages/rdkit/Chem/Scaffolds/MurckoScaffold.py", line 10, in <module>
    from rdkit.Chem import AllChem
  File "/Library/Frameworks/Python.framework/Versions/3.12/lib/python3.12/site-packages/rdkit/Chem/AllChem.py", line 27, in <module>
    from rdkit.Chem.rdFingerprintGenerator import *
Traceback (most recent call last):
  File "/Library/Frameworks/Python.framework/Versions/3.12/lib/python3.12/site-packages/numpy/core/_multiarray_umath.py", line 46, in __getattr__
    raise ImportError(msg)
ImportError: 
A module that was compiled using NumPy 1.x cannot be run in
NumPy 2.4.4 as it may crash. To support both 1.x and 2.x
versions of NumPy, modules must be compiled with NumPy 2.0.
Some module may need to rebuild instead e.g. with 'pybind11>=2.12'.

If you are a user of the module, the easiest solution will be to
downgrade to 'numpy<2' or try to upgrade the affected module.
We expect that some modules will need time to support NumPy 2.



A module that was compiled using NumPy 1.x cannot be run in
NumPy 2.4.4 as it may crash. To support both 1.x and 2.x
versions of NumPy, modules must be compiled with NumPy 2.0.
Some module may need to rebuild instead e.g. with 'pybind11>=2.12'.

If you are a user of the module, the easiest solution will be to
downgrade to 'numpy<2' or try to upgrade the affected module.
We expect that some modules will need time to support NumPy 2.

Traceback (most recent call last):  File "/Users/skku_aws2_14/20260408_pre_project_biso_myprotocol/20260408_pre_project_biso_myprotocol/20260414_re_pre_project_v3/step4_results/extended_eval_step4_scaffold_cpu.py", line 12, in <module>
    from rdkit.Chem.Scaffolds import MurckoScaffold
  File "/Library/Frameworks/Python.framework/Versions/3.12/lib/python3.12/site-packages/rdkit/Chem/Scaffolds/MurckoScaffold.py", line 10, in <module>
    from rdkit.Chem import AllChem
  File "/Library/Frameworks/Python.framework/Versions/3.12/lib/python3.12/site-packages/rdkit/Chem/AllChem.py", line 29, in <module>
    from rdkit.Chem.rdMolAlign import *
Traceback (most recent call last):
  File "/Library/Frameworks/Python.framework/Versions/3.12/lib/python3.12/site-packages/numpy/core/_multiarray_umath.py", line 46, in __getattr__
    raise ImportError(msg)
ImportError: 
A module that was compiled using NumPy 1.x cannot be run in
NumPy 2.4.4 as it may crash. To support both 1.x and 2.x
versions of NumPy, modules must be compiled with NumPy 2.0.
Some module may need to rebuild instead e.g. with 'pybind11>=2.12'.

If you are a user of the module, the easiest solution will be to
downgrade to 'numpy<2' or try to upgrade the affected module.
We expect that some modules will need time to support NumPy 2.



A module that was compiled using NumPy 1.x cannot be run in
NumPy 2.4.4 as it may crash. To support both 1.x and 2.x
versions of NumPy, modules must be compiled with NumPy 2.0.
Some module may need to rebuild instead e.g. with 'pybind11>=2.12'.

If you are a user of the module, the easiest solution will be to
downgrade to 'numpy<2' or try to upgrade the affected module.
We expect that some modules will need time to support NumPy 2.

Traceback (most recent call last):  File "/Users/skku_aws2_14/20260408_pre_project_biso_myprotocol/20260408_pre_project_biso_myprotocol/20260414_re_pre_project_v3/step4_results/extended_eval_step4_scaffold_cpu.py", line 12, in <module>
    from rdkit.Chem.Scaffolds import MurckoScaffold
  File "/Library/Frameworks/Python.framework/Versions/3.12/lib/python3.12/site-packages/rdkit/Chem/Scaffolds/MurckoScaffold.py", line 10, in <module>
    from rdkit.Chem import AllChem
  File "/Library/Frameworks/Python.framework/Versions/3.12/lib/python3.12/site-packages/rdkit/Chem/AllChem.py", line 32, in <module>
    from rdkit.Chem.rdMolTransforms import *
Traceback (most recent call last):
  File "/Library/Frameworks/Python.framework/Versions/3.12/lib/python3.12/site-packages/numpy/core/_multiarray_umath.py", line 46, in __getattr__
    raise ImportError(msg)
ImportError: 
A module that was compiled using NumPy 1.x cannot be run in
NumPy 2.4.4 as it may crash. To support both 1.x and 2.x
versions of NumPy, modules must be compiled with NumPy 2.0.
Some module may need to rebuild instead e.g. with 'pybind11>=2.12'.

If you are a user of the module, the easiest solution will be to
downgrade to 'numpy<2' or try to upgrade the affected module.
We expect that some modules will need time to support NumPy 2.



A module that was compiled using NumPy 1.x cannot be run in
NumPy 2.4.4 as it may crash. To support both 1.x and 2.x
versions of NumPy, modules must be compiled with NumPy 2.0.
Some module may need to rebuild instead e.g. with 'pybind11>=2.12'.

If you are a user of the module, the easiest solution will be to
downgrade to 'numpy<2' or try to upgrade the affected module.
We expect that some modules will need time to support NumPy 2.

Traceback (most recent call last):  File "/Users/skku_aws2_14/20260408_pre_project_biso_myprotocol/20260408_pre_project_biso_myprotocol/20260414_re_pre_project_v3/step4_results/extended_eval_step4_scaffold_cpu.py", line 12, in <module>
    from rdkit.Chem.Scaffolds import MurckoScaffold
  File "/Library/Frameworks/Python.framework/Versions/3.12/lib/python3.12/site-packages/rdkit/Chem/Scaffolds/MurckoScaffold.py", line 10, in <module>
    from rdkit.Chem import AllChem
  File "/Library/Frameworks/Python.framework/Versions/3.12/lib/python3.12/site-packages/rdkit/Chem/AllChem.py", line 35, in <module>
    from rdkit.Chem.rdReducedGraphs import *
Traceback (most recent call last):
  File "/Library/Frameworks/Python.framework/Versions/3.12/lib/python3.12/site-packages/numpy/core/_multiarray_umath.py", line 46, in __getattr__
    raise ImportError(msg)
ImportError: 
A module that was compiled using NumPy 1.x cannot be run in
NumPy 2.4.4 as it may crash. To support both 1.x and 2.x
versions of NumPy, modules must be compiled with NumPy 2.0.
Some module may need to rebuild instead e.g. with 'pybind11>=2.12'.

If you are a user of the module, the easiest solution will be to
downgrade to 'numpy<2' or try to upgrade the affected module.
We expect that some modules will need time to support NumPy 2.



A module that was compiled using NumPy 1.x cannot be run in
NumPy 2.4.4 as it may crash. To support both 1.x and 2.x
versions of NumPy, modules must be compiled with NumPy 2.0.
Some module may need to rebuild instead e.g. with 'pybind11>=2.12'.

If you are a user of the module, the easiest solution will be to
downgrade to 'numpy<2' or try to upgrade the affected module.
We expect that some modules will need time to support NumPy 2.

Traceback (most recent call last):  File "/Users/skku_aws2_14/20260408_pre_project_biso_myprotocol/20260408_pre_project_biso_myprotocol/20260414_re_pre_project_v3/step4_results/extended_eval_step4_scaffold_cpu.py", line 12, in <module>
    from rdkit.Chem.Scaffolds import MurckoScaffold
  File "/Library/Frameworks/Python.framework/Versions/3.12/lib/python3.12/site-packages/rdkit/Chem/Scaffolds/MurckoScaffold.py", line 10, in <module>
    from rdkit.Chem import AllChem
  File "/Library/Frameworks/Python.framework/Versions/3.12/lib/python3.12/site-packages/rdkit/Chem/AllChem.py", line 36, in <module>
    from rdkit.Chem.rdShapeHelpers import *
Traceback (most recent call last):
  File "/Library/Frameworks/Python.framework/Versions/3.12/lib/python3.12/site-packages/numpy/core/_multiarray_umath.py", line 46, in __getattr__
    raise ImportError(msg)
ImportError: 
A module that was compiled using NumPy 1.x cannot be run in
NumPy 2.4.4 as it may crash. To support both 1.x and 2.x
versions of NumPy, modules must be compiled with NumPy 2.0.
Some module may need to rebuild instead e.g. with 'pybind11>=2.12'.

If you are a user of the module, the easiest solution will be to
downgrade to 'numpy<2' or try to upgrade the affected module.
We expect that some modules will need time to support NumPy 2.


/Library/Frameworks/Python.framework/Versions/3.12/lib/python3.12/site-packages/sklearn/utils/validation.py:2691: UserWarning: X does not have valid feature names, but LGBMRegressor was fitted with feature names
  warnings.warn(
/Library/Frameworks/Python.framework/Versions/3.12/lib/python3.12/site-packages/sklearn/utils/validation.py:2691: UserWarning: X does not have valid feature names, but LGBMRegressor was fitted with feature names
  warnings.warn(
================================================================================
Step 4: Scaffold Split (CPU)
================================================================================

Generating Murcko scaffolds...
Total samples: 6366
Unique scaffolds: 220
Invalid SMILES: 0

Data Split:
  Test scaffolds: 44 (20.0%)
  Train samples: 5046
  Test samples (unseen scaffolds): 1320


================================================================================
CPU 모델 실행 중...
================================================================================

================================================================================
Step 4 Scaffold Split: LightGBM (Model 01)
================================================================================
  Training on seen scaffolds...
  Predicting on unseen scaffolds...

  Spearman: 0.4945
  RMSE: 2.6814
  MAE: 1.9395
  ✓ Saved: step4_scaffold_01_results.json

================================================================================
Step 4 Scaffold Split: LightGBM-DART (Model 02)
================================================================================
  Training on seen scaffolds...
  Predicting on unseen scaffolds...

  Spearman: 0.5122
  RMSE: 2.5645
  MAE: 1.8793
  ✓ Saved: step4_scaffold_02_results.json

================================================================================
Step 4 Scaffold Split: CatBoost (Model 04)
================================================================================
  Training on seen scaffolds...
  Predicting on unseen scaffolds...

  Spearman: 0.5190
  RMSE: 2.5636
  MAE: 1.9042
  ✓ Saved: step4_scaffold_04_results.json

================================================================================
CPU 모델 완료!
================================================================================
