================================================================================
Step 4: Drug Structure Split (GPU)
================================================================================
Device: mps

Data Split (Drug-Structure Proxy):
  Total drugs: 243
  Test drugs: 48 (19.8%)
  Train: 5133, Test: 1233

================================================================================
GPU 모델 실행 중...
================================================================================

================================================================================
Step 4 Drug Structure: FlatMLP (Model 10)
================================================================================
  Training...
    Epoch 25/100, Loss: 6.1391
    Epoch 50/100, Loss: 4.1148
    Epoch 75/100, Loss: 2.7240
    Epoch 100/100, Loss: 2.0584
  Predicting...

  Spearman: 0.3401
  RMSE: 2.4033
  ✓ Saved: step4_scaffold_10_results.json

================================================================================
Step 4 Drug Structure: CrossAttention (Model 13)
================================================================================
  Training...
    Epoch 25/100, Loss: 5.8989
    Epoch 50/100, Loss: 4.0343
    Epoch 75/100, Loss: 2.6345
    Epoch 100/100, Loss: 2.2423
  Predicting...

  Spearman: 0.3540
  RMSE: 2.3237
  ✓ Saved: step4_scaffold_13_results.json

================================================================================
Step 4 Drug Structure: FT-Transformer (Model 12)
================================================================================
  Training...
    Epoch 25/100, Loss: 6.3774
    Epoch 50/100, Loss: 4.0161
    Epoch 75/100, Loss: 2.4230
    Epoch 100/100, Loss: 1.8673
  Predicting...

  Spearman: 0.3384
  RMSE: 2.4533
  ✓ Saved: step4_scaffold_12_results.json

================================================================================
Step 4 Drug Structure: GraphSAGE (Model 14)
================================================================================
  Training...
    Epoch 25/100, Loss: 5.1240
    Epoch 50/100, Loss: 3.6012
    Epoch 75/100, Loss: 2.2081
    Epoch 100/100, Loss: 1.5763
  Predicting...

  Spearman: 0.3494
  RMSE: 2.4171
  ✓ Saved: step4_scaffold_14_results.json

================================================================================
GPU 모델 완료!
================================================================================
