================================================================================
2단계: GroupKFold GPU 모델
================================================================================
Device: mps


================================================================================
GPU 모델 실행 중...
================================================================================

================================================================================
2단계 GroupKFold: FlatMLP (Model 10)
================================================================================

Fold 1/5:
  Epoch 25/100, Loss: 5.5845
  Epoch 50/100, Loss: 3.8502
  Epoch 75/100, Loss: 2.3269
  Epoch 100/100, Loss: 1.8823
  Sp: 0.6601, RMSE: 2.4207

Fold 2/5:
  Epoch 25/100, Loss: 5.5615
  Epoch 50/100, Loss: 3.7881
  Epoch 75/100, Loss: 2.4084
  Epoch 100/100, Loss: 1.8585
  Sp: 0.4591, RMSE: 2.9407

Fold 3/5:
  Epoch 25/100, Loss: 6.1718
  Epoch 50/100, Loss: 4.1885
  Epoch 75/100, Loss: 3.0656
  Epoch 100/100, Loss: 2.0519
  Sp: 0.3939, RMSE: 2.2552

Fold 4/5:
  Epoch 25/100, Loss: 6.5986
  Epoch 50/100, Loss: 4.3528
  Epoch 75/100, Loss: 2.7060
  Epoch 100/100, Loss: 2.0911
  Sp: 0.4743, RMSE: 1.8609

Fold 5/5:
  Epoch 25/100, Loss: 6.1586
  Epoch 50/100, Loss: 4.2417
  Epoch 75/100, Loss: 3.1336
  Epoch 100/100, Loss: 2.1188
  Sp: 0.5565, RMSE: 1.8817

전체 GroupKFold 성능:
  Spearman: 0.5125 ± 0.0917
  Random 5CV 대비 하락: 0.3153
✓ 저장 완료: step2_groupkfold_10_results.json

================================================================================
2단계 GroupKFold: CrossAttention (Model 13)
================================================================================

Fold 1/5:
  Epoch 25/100, Loss: 5.4699
  Epoch 50/100, Loss: 4.0223
  Epoch 75/100, Loss: 2.4354
  Epoch 100/100, Loss: 1.8324
  Sp: 0.6704, RMSE: 2.3624

Fold 2/5:
  Epoch 25/100, Loss: 5.2383
  Epoch 50/100, Loss: 3.5860
  Epoch 75/100, Loss: 2.3019
  Epoch 100/100, Loss: 1.8340
  Sp: 0.4825, RMSE: 2.8999

Fold 3/5:
  Epoch 25/100, Loss: 6.7661
  Epoch 50/100, Loss: 4.6290
  Epoch 75/100, Loss: 2.8374
  Epoch 100/100, Loss: 2.0457
  Sp: 0.3922, RMSE: 2.3277

Fold 4/5:
  Epoch 25/100, Loss: 6.2605
  Epoch 50/100, Loss: 4.0349
  Epoch 75/100, Loss: 2.4925
  Epoch 100/100, Loss: 1.9302
  Sp: 0.4737, RMSE: 1.8608

Fold 5/5:
  Epoch 25/100, Loss: 6.5523
  Epoch 50/100, Loss: 4.5034
  Epoch 75/100, Loss: 2.7293
  Epoch 100/100, Loss: 2.1568
  Sp: 0.5563, RMSE: 1.9515

전체 GroupKFold 성능:
  Spearman: 0.5142 ± 0.0935
  Random 5CV 대비 하락: 0.3095
✓ 저장 완료: step2_groupkfold_13_results.json

================================================================================
2단계 GroupKFold: FT-Transformer (Model 12)
================================================================================

Fold 1/5:
  Epoch 25/100, Loss: 5.4748
  Epoch 50/100, Loss: 3.8329
  Epoch 75/100, Loss: 2.2429
  Epoch 100/100, Loss: 1.8026
  Sp: 0.6625, RMSE: 2.4717

Fold 2/5:
  Epoch 25/100, Loss: 4.9881
  Epoch 50/100, Loss: 3.3838
  Epoch 75/100, Loss: 2.0952
  Epoch 100/100, Loss: 1.7379
  Sp: 0.5147, RMSE: 2.9073

Fold 3/5:
  Epoch 25/100, Loss: 6.0349
  Epoch 50/100, Loss: 3.8734
  Epoch 75/100, Loss: 2.3847
  Epoch 100/100, Loss: 1.9013
  Sp: 0.4237, RMSE: 2.3104

Fold 4/5:
  Epoch 25/100, Loss: 5.9598
  Epoch 50/100, Loss: 3.6887
  Epoch 75/100, Loss: 2.3701
  Epoch 100/100, Loss: 1.7667
  Sp: 0.4220, RMSE: 1.9974

Fold 5/5:
  Epoch 25/100, Loss: 5.9107
  Epoch 50/100, Loss: 3.6687
  Epoch 75/100, Loss: 2.3974
  Epoch 100/100, Loss: 1.8847
  Sp: 0.5886, RMSE: 1.9131

전체 GroupKFold 성능:
  Spearman: 0.5275 ± 0.0937
  Random 5CV 대비 하락: 0.2782
✓ 저장 완료: step2_groupkfold_12_results.json

================================================================================
GPU 모델 완료!
================================================================================
