================================================================================
Step 5: Multi-seed Stability (GPU)
================================================================================
Device: mps

================================================================================
GPU 모델 실행 중...
================================================================================

================================================================================
Model 10: FlatMLP
================================================================================

  Seed 42:
    Train Sp: 0.8483, OOF Sp: 0.8308, Gap: 0.0175
    RMSE: 1.3676, MAE: 1.0304

  Seed 123:
    Train Sp: 0.8469, OOF Sp: 0.8292, Gap: 0.0177
    RMSE: 1.3685, MAE: 1.0306

  Seed 456:
    Train Sp: 0.8516, OOF Sp: 0.8226, Gap: 0.0290
    RMSE: 1.3891, MAE: 1.0482

  Seed 789:
    Train Sp: 0.8513, OOF Sp: 0.8314, Gap: 0.0199
    RMSE: 1.3876, MAE: 1.0491

  Seed 2026:
    Train Sp: 0.8446, OOF Sp: 0.8192, Gap: 0.0254
    RMSE: 1.4096, MAE: 1.0607

  종합 통계 (5 seeds):
    OOF Sp: 0.8266 ± 0.0049
    Gap:    0.0219 ± 0.0045
    Top-30 Overlap: 8/30
    Jaccard: 0.4119
    ✓ 저장: step5_multiseed_10_results.json

================================================================================
Model 13: CrossAttention
================================================================================

  Seed 42:
    Train Sp: 0.8483, OOF Sp: 0.8308, Gap: 0.0175
    RMSE: 1.3676, MAE: 1.0304

  Seed 123:
    Train Sp: 0.8469, OOF Sp: 0.8292, Gap: 0.0177
    RMSE: 1.3685, MAE: 1.0306

  Seed 456:
    Train Sp: 0.8516, OOF Sp: 0.8226, Gap: 0.0290
    RMSE: 1.3891, MAE: 1.0482

  Seed 789:
    Train Sp: 0.8513, OOF Sp: 0.8314, Gap: 0.0199
    RMSE: 1.3876, MAE: 1.0491

  Seed 2026:
    Train Sp: 0.8446, OOF Sp: 0.8192, Gap: 0.0254
    RMSE: 1.4096, MAE: 1.0607

  종합 통계 (5 seeds):
    OOF Sp: 0.8266 ± 0.0049
    Gap:    0.0219 ± 0.0045
    Top-30 Overlap: 8/30
    Jaccard: 0.4119
    ✓ 저장: step5_multiseed_13_results.json

================================================================================
Model 12: FT-Transformer
================================================================================

  Seed 42:
    Train Sp: 0.8457, OOF Sp: 0.8225, Gap: 0.0232
    RMSE: 1.3873, MAE: 1.0435

  Seed 123:
    Train Sp: 0.8513, OOF Sp: 0.8102, Gap: 0.0411
    RMSE: 1.4356, MAE: 1.0792

  Seed 456:
    Train Sp: 0.8411, OOF Sp: 0.8163, Gap: 0.0249
    RMSE: 1.4133, MAE: 1.0674

  Seed 789:
    Train Sp: 0.7999, OOF Sp: 0.7925, Gap: 0.0074
    RMSE: 1.5316, MAE: 1.1563

  Seed 2026:
    Train Sp: 0.8368, OOF Sp: 0.8205, Gap: 0.0162
    RMSE: 1.4033, MAE: 1.0539

  종합 통계 (5 seeds):
    OOF Sp: 0.8124 ± 0.0108
    Gap:    0.0226 ± 0.0111
    Top-30 Overlap: 0/30
    Jaccard: 0.2121
    ✓ 저장: step5_multiseed_12_results.json

================================================================================
Model 14: GraphSAGE
================================================================================

  Seed 42:
    Train Sp: 0.8487, OOF Sp: 0.8240, Gap: 0.0246
    RMSE: 1.3432, MAE: 1.0131

  Seed 123:
    Train Sp: 0.8401, OOF Sp: 0.8289, Gap: 0.0112
    RMSE: 1.3284, MAE: 1.0076

  Seed 456:
    Train Sp: 0.8460, OOF Sp: 0.8281, Gap: 0.0180
    RMSE: 1.3231, MAE: 1.0116

  Seed 789:
    Train Sp: 0.8348, OOF Sp: 0.8232, Gap: 0.0116
    RMSE: 1.3543, MAE: 1.0295

  Seed 2026:
    Train Sp: 0.8439, OOF Sp: 0.8267, Gap: 0.0171
    RMSE: 1.3417, MAE: 1.0150

  종합 통계 (5 seeds):
    OOF Sp: 0.8262 ± 0.0022
    Gap:    0.0165 ± 0.0049
    Top-30 Overlap: 3/30
    Jaccard: 0.3018
    ✓ 저장: step5_multiseed_14_results.json

================================================================================
GPU 모델 완료!
================================================================================
